<?xml version="1.0" encoding="UTF-8"?><testsuite errors="1" failures="0" name="org.icrc.fadapplic.IRIS.FAD.GeneralLedger.InquiryAndReports" skipped="0" tests="1" time="122.89" timestamp="2024-01-26 01:17:13"><testcase classname="org.icrc.fadapplic.IRIS.FAD.GeneralLedger.InquiryAndReports" name="Order inquiry and update"><error message="element click intercepted: Element &lt;span class=&quot;sidebar-menu--item&quot; role=&quot;menuitem&quot; tabindex=&quot;0&quot; style=&quot;border: 10px; box-sizing: border-box; display: block; font-family: Roboto, sans-serif; -webkit-tap-highlight-color: rgba(0, 0, 0, 0); cursor: pointer; text-decoration: none; margin: 0px; padding: 0px; outline: none; font-size: 16px; font-weight: inherit; position: relative; color: rgba(0, 0, 0, 0.87); line-height: 48px; transition: all 450ms cubic-bezier(0.23, 1, 0.32, 1) 0ms; min-height: 48px; white-space: nowrap; background: none;&quot;&gt;...&lt;/span&gt; is not clickable at point (35, 347). Other element would receive the click: &lt;div style=&quot;position: fixed; height: 100%; width: 100%; top: 0px; left: 0px; opacity: 1; background-color: rgba(0, 0, 0, 0.54); -webkit-tap-highlight-color: rgba(0, 0, 0, 0); will-change: opacity; transform: translateZ(0px); transition: left 0ms cubic-bezier(0.23, 1, 0.32, 1) 0ms, opacity 400ms cubic-bezier(0.23, 1, 0.32, 1) 0ms; z-index: 1400;&quot;&gt;&lt;/div&gt;&#10;  (Session info: chrome-headless-shell=121.0.6167.85)&#10;Build info: version: '3.141.59', revision: 'e82be7d358', time: '2018-11-14T08:17:03'&#10;System info: host: 'PCS13944', ip: '192.168.254.103', os.name: 'Windows 10', os.arch: 'amd64', os.version: '10.0', java.version: '1.8.0_202'&#10;Driver info: org.openqa.selenium.chrome.ChromeDriver&#10;Capabilities {acceptInsecureCerts: false, browserName: chrome-headless-shell, browserVersion: 121.0.6167.85, chrome: {chromedriverVersion: 121.0.6167.85 (3f98d690ad7e..., userDataDir: C:\Users\A564240\AppData\Lo...}, fedcm:accounts: true, goog:chromeOptions: {debuggerAddress: localhost:57166}, javascriptEnabled: true, networkConnectionEnabled: false, pageLoadStrategy: normal, platform: WINDOWS, platformName: WINDOWS, proxy: Proxy(), setWindowRect: true, strictFileInteractability: false, timeouts: {implicit: 0, pageLoad: 300000, script: 30000}, unhandledPromptBehavior: dismiss and notify, webauthn:extension:credBlob: true, webauthn:extension:largeBlob: true, webauthn:extension:minPinLength: true, webauthn:extension:prf: true, webauthn:virtualAuthenticators: true}&#10;Session ID: d8589f7bd416d07e8e007dde34dba0c1&#10;Build info: version: '3.141.59', revision: 'e82be7d358', time: '2018-11-14T08:17:03'&#10;System info: host: 'PCS13944', ip: '192.168.254.103', os.name: 'Windows 10', os.arch: 'amd64', os.version: '10.0', java.version: '1.8.0_202'&#10;Driver info: driver.version: unknown" type="org.openqa.selenium.ElementClickInterceptedException">element click intercepted: Element &lt;span class="sidebar-menu--item" role="menuitem" tabindex="0" style="border: 10px; box-sizing: border-box; display: block; font-family: Roboto, sans-serif; -webkit-tap-highlight-color: rgba(0, 0, 0, 0); cursor: pointer; text-decoration: none; margin: 0px; padding: 0px; outline: none; font-size: 16px; font-weight: inherit; position: relative; color: rgba(0, 0, 0, 0.87); line-height: 48px; transition: all 450ms cubic-bezier(0.23, 1, 0.32, 1) 0ms; min-height: 48px; white-space: nowrap; background: none;"&gt;...&lt;/span&gt; is not clickable at point (35, 347). Other element would receive the click: &lt;div style="position: fixed; height: 100%; width: 100%; top: 0px; left: 0px; opacity: 1; background-color: rgba(0, 0, 0, 0.54); -webkit-tap-highlight-color: rgba(0, 0, 0, 0); will-change: opacity; transform: translateZ(0px); transition: left 0ms cubic-bezier(0.23, 1, 0.32, 1) 0ms, opacity 400ms cubic-bezier(0.23, 1, 0.32, 1) 0ms; z-index: 1400;"&gt;&lt;/div&gt;
  (Session info: chrome-headless-shell=121.0.6167.85)
Build info: version: '3.141.59', revision: 'e82be7d358', time: '2018-11-14T08:17:03'
System info: host: 'PCS13944', ip: '192.168.254.103', os.name: 'Windows 10', os.arch: 'amd64', os.version: '10.0', java.version: '1.8.0_202'
Driver info: org.openqa.selenium.chrome.ChromeDriver
Capabilities {acceptInsecureCerts: false, browserName: chrome-headless-shell, browserVersion: 121.0.6167.85, chrome: {chromedriverVersion: 121.0.6167.85 (3f98d690ad7e..., userDataDir: C:\Users\A564240\AppData\Lo...}, fedcm:accounts: true, goog:chromeOptions: {debuggerAddress: localhost:57166}, javascriptEnabled: true, networkConnectionEnabled: false, pageLoadStrategy: normal, platform: WINDOWS, platformName: WINDOWS, proxy: Proxy(), setWindowRect: true, strictFileInteractability: false, timeouts: {implicit: 0, pageLoad: 300000, script: 30000}, unhandledPromptBehavior: dismiss and notify, webauthn:extension:credBlob: true, webauthn:extension:largeBlob: true, webauthn:extension:minPinLength: true, webauthn:extension:prf: true, webauthn:virtualAuthenticators: true}
Session ID: d8589f7bd416d07e8e007dde34dba0c1
Build info: version: '3.141.59', revision: 'e82be7d358', time: '2018-11-14T08:17:03'
System info: host: 'PCS13944', ip: '192.168.254.103', os.name: 'Windows 10', os.arch: 'amd64', os.version: '10.0', java.version: '1.8.0_202'
Driver info: driver.version: unknown</error><system-err>element click intercepted: Element &lt;span class="sidebar-menu--item" role="menuitem" tabindex="0" style="border: 10px; box-sizing: border-box; display: block; font-family: Roboto, sans-serif; -webkit-tap-highlight-color: rgba(0, 0, 0, 0); cursor: pointer; text-decoration: none; margin: 0px; padding: 0px; outline: none; font-size: 16px; font-weight: inherit; position: relative; color: rgba(0, 0, 0, 0.87); line-height: 48px; transition: all 450ms cubic-bezier(0.23, 1, 0.32, 1) 0ms; min-height: 48px; white-space: nowrap; background: none;"&gt;...&lt;/span&gt; is not clickable at point (35, 347). Other element would receive the click: &lt;div style="position: fixed; height: 100%; width: 100%; top: 0px; left: 0px; opacity: 1; background-color: rgba(0, 0, 0, 0.54); -webkit-tap-highlight-color: rgba(0, 0, 0, 0); will-change: opacity; transform: translateZ(0px); transition: left 0ms cubic-bezier(0.23, 1, 0.32, 1) 0ms, opacity 400ms cubic-bezier(0.23, 1, 0.32, 1) 0ms; z-index: 1400;"&gt;&lt;/div&gt;
  (Session info: chrome-headless-shell=121.0.6167.85)
Build info: version: '3.141.59', revision: 'e82be7d358', time: '2018-11-14T08:17:03'
System info: host: 'PCS13944', ip: '192.168.254.103', os.name: 'Windows 10', os.arch: 'amd64', os.version: '10.0', java.version: '1.8.0_202'
Driver info: org.openqa.selenium.chrome.ChromeDriver
Capabilities {acceptInsecureCerts: false, browserName: chrome-headless-shell, browserVersion: 121.0.6167.85, chrome: {chromedriverVersion: 121.0.6167.85 (3f98d690ad7e..., userDataDir: C:\Users\A564240\AppData\Lo...}, fedcm:accounts: true, goog:chromeOptions: {debuggerAddress: localhost:57166}, javascriptEnabled: true, networkConnectionEnabled: false, pageLoadStrategy: normal, platform: WINDOWS, platformName: WINDOWS, proxy: Proxy(), setWindowRect: true, strictFileInteractability: false, timeouts: {implicit: 0, pageLoad: 300000, script: 30000}, unhandledPromptBehavior: dismiss and notify, webauthn:extension:credBlob: true, webauthn:extension:largeBlob: true, webauthn:extension:minPinLength: true, webauthn:extension:prf: true, webauthn:virtualAuthenticators: true}
Session ID: d8589f7bd416d07e8e007dde34dba0c1
Build info: version: '3.141.59', revision: 'e82be7d358', time: '2018-11-14T08:17:03'
System info: host: 'PCS13944', ip: '192.168.254.103', os.name: 'Windows 10', os.arch: 'amd64', os.version: '10.0', java.version: '1.8.0_202'
Driver info: driver.version: unknown&#13;
pageobjects.IRIS.FAD.GenericPage.clickElement(GenericPage.java:204)&#13;
pageobjects.IRIS.FAD.FADSidebarPage.clickSidebarMenu(FADSidebarPage.java:10)&#13;
pageobjects.IRIS.FAD.FADSidebarPage.openSidebarMenu(FADSidebarPage.java:14)&#13;
steps.IRIS.FAD.FADGenericSteps.when_I_open_page_from_sidebar_menu(FADGenericSteps.java:25)&#13;
steps.IRIS.FAD.InquiryAndReportsSteps.given_that_Im_logged_into_Order_Inquiry_Update_page(InquiryAndReportsSteps.java:18)&#13;
org.icrc.fadapplic.IRIS.FAD.GeneralLedger.InquiryAndReports.orderInquiryAndUpdate(InquiryAndReports.java:38)&#13;
</system-err></testcase></testsuite>