<?xml version="1.0" encoding="UTF-8"?><testsuite errors="1" failures="0" name="org.icrc.fadapplic.IRIS.FAD.GeneralLedger.AccountRecon" skipped="0" tests="1" time="133.15" timestamp="2024-01-26 01:03:46"><testcase classname="org.icrc.fadapplic.IRIS.FAD.GeneralLedger.AccountRecon" name="Refresh accounts"><error message="no such element: Unable to locate element: {&quot;method&quot;:&quot;xpath&quot;,&quot;selector&quot;:&quot;//div[@class = 'sidebar-menu-container']//*[contains(@class, 'sidebar-menu--item') and .//div[text() = 'Account Recon']]&quot;}&#10;  (Session info: chrome-headless-shell=121.0.6167.85)&#10;For documentation on this error, please visit: https://www.seleniumhq.org/exceptions/no_such_element.html&#10;Build info: version: '3.141.59', revision: 'e82be7d358', time: '2018-11-14T08:17:03'&#10;System info: host: 'PCS13944', ip: '192.168.254.103', os.name: 'Windows 10', os.arch: 'amd64', os.version: '10.0', java.version: '1.8.0_202'&#10;Driver info: org.openqa.selenium.chrome.ChromeDriver&#10;Capabilities {acceptInsecureCerts: false, browserName: chrome-headless-shell, browserVersion: 121.0.6167.85, chrome: {chromedriverVersion: 121.0.6167.85 (3f98d690ad7e..., userDataDir: C:\Users\A564240\AppData\Lo...}, fedcm:accounts: true, goog:chromeOptions: {debuggerAddress: localhost:52912}, javascriptEnabled: true, networkConnectionEnabled: false, pageLoadStrategy: normal, platform: WINDOWS, platformName: WINDOWS, proxy: Proxy(), setWindowRect: true, strictFileInteractability: false, timeouts: {implicit: 0, pageLoad: 300000, script: 30000}, unhandledPromptBehavior: dismiss and notify, webauthn:extension:credBlob: true, webauthn:extension:largeBlob: true, webauthn:extension:minPinLength: true, webauthn:extension:prf: true, webauthn:virtualAuthenticators: true}&#10;Session ID: b5c59fc2894b8434e0b0838d1a88bded&#10;*** Element info: {Using=xpath, value=//div[@class = 'sidebar-menu-container']//*[contains(@class, 'sidebar-menu--item') and .//div[text() = 'Account Recon']]}" type="org.openqa.selenium.NoSuchElementException">no such element: Unable to locate element: {"method":"xpath","selector":"//div[@class = 'sidebar-menu-container']//*[contains(@class, 'sidebar-menu--item') and .//div[text() = 'Account Recon']]"}
  (Session info: chrome-headless-shell=121.0.6167.85)
For documentation on this error, please visit: https://www.seleniumhq.org/exceptions/no_such_element.html
Build info: version: '3.141.59', revision: 'e82be7d358', time: '2018-11-14T08:17:03'
System info: host: 'PCS13944', ip: '192.168.254.103', os.name: 'Windows 10', os.arch: 'amd64', os.version: '10.0', java.version: '1.8.0_202'
Driver info: org.openqa.selenium.chrome.ChromeDriver
Capabilities {acceptInsecureCerts: false, browserName: chrome-headless-shell, browserVersion: 121.0.6167.85, chrome: {chromedriverVersion: 121.0.6167.85 (3f98d690ad7e..., userDataDir: C:\Users\A564240\AppData\Lo...}, fedcm:accounts: true, goog:chromeOptions: {debuggerAddress: localhost:52912}, javascriptEnabled: true, networkConnectionEnabled: false, pageLoadStrategy: normal, platform: WINDOWS, platformName: WINDOWS, proxy: Proxy(), setWindowRect: true, strictFileInteractability: false, timeouts: {implicit: 0, pageLoad: 300000, script: 30000}, unhandledPromptBehavior: dismiss and notify, webauthn:extension:credBlob: true, webauthn:extension:largeBlob: true, webauthn:extension:minPinLength: true, webauthn:extension:prf: true, webauthn:virtualAuthenticators: true}
Session ID: b5c59fc2894b8434e0b0838d1a88bded
*** Element info: {Using=xpath, value=//div[@class = 'sidebar-menu-container']//*[contains(@class, 'sidebar-menu--item') and .//div[text() = 'Account Recon']]}</error><system-err>no such element: Unable to locate element: {"method":"xpath","selector":"//div[@class = 'sidebar-menu-container']//*[contains(@class, 'sidebar-menu--item') and .//div[text() = 'Account Recon']]"}
  (Session info: chrome-headless-shell=121.0.6167.85)
For documentation on this error, please visit: https://www.seleniumhq.org/exceptions/no_such_element.html
Build info: version: '3.141.59', revision: 'e82be7d358', time: '2018-11-14T08:17:03'
System info: host: 'PCS13944', ip: '192.168.254.103', os.name: 'Windows 10', os.arch: 'amd64', os.version: '10.0', java.version: '1.8.0_202'
Driver info: org.openqa.selenium.chrome.ChromeDriver
Capabilities {acceptInsecureCerts: false, browserName: chrome-headless-shell, browserVersion: 121.0.6167.85, chrome: {chromedriverVersion: 121.0.6167.85 (3f98d690ad7e..., userDataDir: C:\Users\A564240\AppData\Lo...}, fedcm:accounts: true, goog:chromeOptions: {debuggerAddress: localhost:52912}, javascriptEnabled: true, networkConnectionEnabled: false, pageLoadStrategy: normal, platform: WINDOWS, platformName: WINDOWS, proxy: Proxy(), setWindowRect: true, strictFileInteractability: false, timeouts: {implicit: 0, pageLoad: 300000, script: 30000}, unhandledPromptBehavior: dismiss and notify, webauthn:extension:credBlob: true, webauthn:extension:largeBlob: true, webauthn:extension:minPinLength: true, webauthn:extension:prf: true, webauthn:virtualAuthenticators: true}
Session ID: b5c59fc2894b8434e0b0838d1a88bded
*** Element info: {Using=xpath, value=//div[@class = 'sidebar-menu-container']//*[contains(@class, 'sidebar-menu--item') and .//div[text() = 'Account Recon']]}&#13;
pageobjects.IRIS.FAD.GenericPage.scrollIntoView(GenericPage.java:315)&#13;
pageobjects.IRIS.FAD.GenericPage.clickElement(GenericPage.java:197)&#13;
pageobjects.IRIS.FAD.FADSidebarPage.clickSidebarMenu(FADSidebarPage.java:10)&#13;
pageobjects.IRIS.FAD.FADSidebarPage.openSidebarMenu(FADSidebarPage.java:14)&#13;
steps.IRIS.FAD.FADGenericSteps.when_I_open_page_from_sidebar_menu(FADGenericSteps.java:25)&#13;
steps.IRIS.FAD.AccountReconSteps.given_that_Im_logged_into_Account_Recon_page(AccountReconSteps.java:16)&#13;
org.icrc.fadapplic.IRIS.FAD.GeneralLedger.AccountRecon.refreshAccounts(AccountRecon.java:39)&#13;
</system-err></testcase></testsuite>